[0.326s] Invoking command in '/home/kuldip/ros2_ws/build/my_robot_controller': PYTHONPATH=/home/kuldip/ros2_ws/build/my_robot_controller/prefix_override:/usr/lib/python3/dist-packages/colcon_core/task/python/colcon_distutils_commands:/home/kuldip/ros2_ws/install/my_robot_controller/lib/python3.10/site-packages:${PYTHONPATH} /usr/bin/python3 -W ignore:setup.py install is deprecated -W ignore:easy_install command is deprecated setup.py develop --editable --build-directory /home/kuldip/ros2_ws/build/my_robot_controller/build --no-deps symlink_data
[0.463s] running develop
[0.538s] running egg_info
[0.538s] creating my_robot_controller.egg-info
[0.538s] writing my_robot_controller.egg-info/PKG-INFO
[0.538s] writing dependency_links to my_robot_controller.egg-info/dependency_links.txt
[0.538s] writing entry points to my_robot_controller.egg-info/entry_points.txt
[0.538s] writing requirements to my_robot_controller.egg-info/requires.txt
[0.538s] writing top-level names to my_robot_controller.egg-info/top_level.txt
[0.538s] writing manifest file 'my_robot_controller.egg-info/SOURCES.txt'
[0.539s] reading manifest file 'my_robot_controller.egg-info/SOURCES.txt'
[0.539s] writing manifest file 'my_robot_controller.egg-info/SOURCES.txt'
[0.540s] running build_ext
[0.540s] Creating /home/kuldip/ros2_ws/install/my_robot_controller/lib/python3.10/site-packages/my-robot-controller.egg-link (link to .)
[0.540s] Installing test_node script to /home/kuldip/ros2_ws/install/my_robot_controller/lib/my_robot_controller
[0.540s] 
[0.541s] Installed /home/kuldip/ros2_ws/build/my_robot_controller
[0.541s] running symlink_data
[0.541s] creating /home/kuldip/ros2_ws/install/my_robot_controller/share/ament_index
[0.541s] creating /home/kuldip/ros2_ws/install/my_robot_controller/share/ament_index/resource_index
[0.541s] creating /home/kuldip/ros2_ws/install/my_robot_controller/share/ament_index/resource_index/packages
[0.541s] symbolically linking /home/kuldip/ros2_ws/build/my_robot_controller/resource/my_robot_controller -> /home/kuldip/ros2_ws/install/my_robot_controller/share/ament_index/resource_index/packages
[0.541s] symbolically linking /home/kuldip/ros2_ws/build/my_robot_controller/package.xml -> /home/kuldip/ros2_ws/install/my_robot_controller/share/my_robot_controller
[0.558s] Invoked command in '/home/kuldip/ros2_ws/build/my_robot_controller' returned '0': PYTHONPATH=/home/kuldip/ros2_ws/build/my_robot_controller/prefix_override:/usr/lib/python3/dist-packages/colcon_core/task/python/colcon_distutils_commands:/home/kuldip/ros2_ws/install/my_robot_controller/lib/python3.10/site-packages:${PYTHONPATH} /usr/bin/python3 -W ignore:setup.py install is deprecated -W ignore:easy_install command is deprecated setup.py develop --editable --build-directory /home/kuldip/ros2_ws/build/my_robot_controller/build --no-deps symlink_data
