[0.321s] Invoking command in '/home/kuldip/ros2_ws/src/my_robot_controller': PYTHONPATH=/home/kuldip/ros2_ws/build/my_robot_controller/prefix_override:/usr/lib/python3/dist-packages/colcon_core/task/python/colcon_distutils_commands:/home/kuldip/ros2_ws/install/my_robot_controller/lib/python3.10/site-packages:${PYTHONPATH} /usr/bin/python3 -W ignore:setup.py install is deprecated -W ignore:easy_install command is deprecated setup.py egg_info --egg-base ../../build/my_robot_controller build --build-base /home/kuldip/ros2_ws/build/my_robot_controller/build install --record /home/kuldip/ros2_ws/build/my_robot_controller/install.log --single-version-externally-managed install_data
[0.446s] running egg_info
[0.446s] writing ../../build/my_robot_controller/my_robot_controller.egg-info/PKG-INFO
[0.446s] writing dependency_links to ../../build/my_robot_controller/my_robot_controller.egg-info/dependency_links.txt
[0.447s] writing entry points to ../../build/my_robot_controller/my_robot_controller.egg-info/entry_points.txt
[0.447s] writing requirements to ../../build/my_robot_controller/my_robot_controller.egg-info/requires.txt
[0.447s] writing top-level names to ../../build/my_robot_controller/my_robot_controller.egg-info/top_level.txt
[0.448s] reading manifest file '../../build/my_robot_controller/my_robot_controller.egg-info/SOURCES.txt'
[0.448s] writing manifest file '../../build/my_robot_controller/my_robot_controller.egg-info/SOURCES.txt'
[0.448s] running build
[0.448s] running build_py
[0.448s] copying my_robot_controller/turtle_controller.py -> /home/kuldip/ros2_ws/build/my_robot_controller/build/lib/my_robot_controller
[0.448s] running install
[0.448s] running install_lib
[0.449s] copying /home/kuldip/ros2_ws/build/my_robot_controller/build/lib/my_robot_controller/turtle_controller.py -> /home/kuldip/ros2_ws/install/my_robot_controller/lib/python3.10/site-packages/my_robot_controller
[0.449s] byte-compiling /home/kuldip/ros2_ws/install/my_robot_controller/lib/python3.10/site-packages/my_robot_controller/turtle_controller.py to turtle_controller.cpython-310.pyc
[0.450s] running install_data
[0.450s] running install_egg_info
[0.451s] removing '/home/kuldip/ros2_ws/install/my_robot_controller/lib/python3.10/site-packages/my_robot_controller-0.0.0-py3.10.egg-info' (and everything under it)
[0.451s] Copying ../../build/my_robot_controller/my_robot_controller.egg-info to /home/kuldip/ros2_ws/install/my_robot_controller/lib/python3.10/site-packages/my_robot_controller-0.0.0-py3.10.egg-info
[0.451s] running install_scripts
[0.464s] Installing draw_circle script to /home/kuldip/ros2_ws/install/my_robot_controller/lib/my_robot_controller
[0.464s] Installing pose_subscriber script to /home/kuldip/ros2_ws/install/my_robot_controller/lib/my_robot_controller
[0.464s] Installing test_node script to /home/kuldip/ros2_ws/install/my_robot_controller/lib/my_robot_controller
[0.464s] Installing turtle_controller script to /home/kuldip/ros2_ws/install/my_robot_controller/lib/my_robot_controller
[0.464s] writing list of installed files to '/home/kuldip/ros2_ws/build/my_robot_controller/install.log'
[0.479s] Invoked command in '/home/kuldip/ros2_ws/src/my_robot_controller' returned '0': PYTHONPATH=/home/kuldip/ros2_ws/build/my_robot_controller/prefix_override:/usr/lib/python3/dist-packages/colcon_core/task/python/colcon_distutils_commands:/home/kuldip/ros2_ws/install/my_robot_controller/lib/python3.10/site-packages:${PYTHONPATH} /usr/bin/python3 -W ignore:setup.py install is deprecated -W ignore:easy_install command is deprecated setup.py egg_info --egg-base ../../build/my_robot_controller build --build-base /home/kuldip/ros2_ws/build/my_robot_controller/build install --record /home/kuldip/ros2_ws/build/my_robot_controller/install.log --single-version-externally-managed install_data
