[0.324s] Invoking command in '/home/kuldip/ros2_ws/src/build/my_robot_controller': PYTHONPATH=/home/kuldip/ros2_ws/src/build/my_robot_controller/prefix_override:/usr/lib/python3/dist-packages/colcon_core/task/python/colcon_distutils_commands:/home/kuldip/ros2_ws/src/install/my_robot_controller/lib/python3.10/site-packages:${PYTHONPATH} /usr/bin/python3 -W ignore:setup.py install is deprecated -W ignore:easy_install command is deprecated setup.py develop --editable --build-directory /home/kuldip/ros2_ws/src/build/my_robot_controller/build --no-deps symlink_data --force
[0.464s] running develop
[0.542s] running egg_info
[0.542s] writing my_robot_controller.egg-info/PKG-INFO
[0.542s] writing dependency_links to my_robot_controller.egg-info/dependency_links.txt
[0.542s] writing entry points to my_robot_controller.egg-info/entry_points.txt
[0.542s] writing requirements to my_robot_controller.egg-info/requires.txt
[0.542s] writing top-level names to my_robot_controller.egg-info/top_level.txt
[0.543s] reading manifest file 'my_robot_controller.egg-info/SOURCES.txt'
[0.544s] writing manifest file 'my_robot_controller.egg-info/SOURCES.txt'
[0.545s] running build_ext
[0.545s] Creating /home/kuldip/ros2_ws/src/install/my_robot_controller/lib/python3.10/site-packages/my-robot-controller.egg-link (link to .)
[0.545s] Installing draw_circle script to /home/kuldip/ros2_ws/src/install/my_robot_controller/lib/my_robot_controller
[0.545s] Installing pose_subscriber script to /home/kuldip/ros2_ws/src/install/my_robot_controller/lib/my_robot_controller
[0.545s] Installing test_node script to /home/kuldip/ros2_ws/src/install/my_robot_controller/lib/my_robot_controller
[0.545s] Installing turtle_controller script to /home/kuldip/ros2_ws/src/install/my_robot_controller/lib/my_robot_controller
[0.545s] 
[0.545s] Installed /home/kuldip/ros2_ws/src/build/my_robot_controller
[0.545s] running symlink_data
[0.546s] symbolically linking /home/kuldip/ros2_ws/src/build/my_robot_controller/resource/my_robot_controller -> /home/kuldip/ros2_ws/src/install/my_robot_controller/share/ament_index/resource_index/packages
[0.546s] symbolically linking /home/kuldip/ros2_ws/src/build/my_robot_controller/package.xml -> /home/kuldip/ros2_ws/src/install/my_robot_controller/share/my_robot_controller
[0.562s] Invoked command in '/home/kuldip/ros2_ws/src/build/my_robot_controller' returned '0': PYTHONPATH=/home/kuldip/ros2_ws/src/build/my_robot_controller/prefix_override:/usr/lib/python3/dist-packages/colcon_core/task/python/colcon_distutils_commands:/home/kuldip/ros2_ws/src/install/my_robot_controller/lib/python3.10/site-packages:${PYTHONPATH} /usr/bin/python3 -W ignore:setup.py install is deprecated -W ignore:easy_install command is deprecated setup.py develop --editable --build-directory /home/kuldip/ros2_ws/src/build/my_robot_controller/build --no-deps symlink_data --force
